<?xml version="1.0" encoding="UTF-8"?>
<!-- Generated by org.testng.reporters.JUnitReportReporter -->
<testsuite hostname="DESKTOP-0LMUMNL" failures="0" tests="1" name="qualicoach.UpdateUserProfilePicture" time="51.538" errors="0" timestamp="08 Sep 2021 05:06:16 GMT" skipped="0">
  <testcase classname="qualicoach.UpdateUserProfilePicture" name="EditUserPicture" time="51.538"/>
</testsuite> <!-- qualicoach.UpdateUserProfilePicture -->
