<?xml version="1.0" encoding="UTF-8"?>
<!-- Generated by org.testng.reporters.JUnitReportReporter -->
<testsuite hostname="DESKTOP-0LMUMNL" failures="0" tests="1" name="qualicoach.BadgeAndFeedBack" time="55.809" errors="0" timestamp="14 Sep 2021 09:29:55 GMT" skipped="0">
  <testcase classname="qualicoach.BadgeAndFeedBack" name="BadgeFeedback" time="55.809"/>
</testsuite> <!-- qualicoach.BadgeAndFeedBack -->
