<?xml version="1.0" encoding="UTF-8"?>
<!-- Generated by org.testng.reporters.JUnitReportReporter -->
<testsuite hostname="DESKTOP-0LMUMNL" failures="0" tests="1" name="qualicoach.UpdateUserProfileGeneral" time="54.478" errors="0" timestamp="08 Sep 2021 05:06:16 GMT" skipped="0">
  <testcase classname="qualicoach.UpdateUserProfileGeneral" name="EditUserProfileGeneral" time="54.478"/>
</testsuite> <!-- qualicoach.UpdateUserProfileGeneral -->
