<?xml version="1.0" encoding="UTF-8"?>
<!-- Generated by org.testng.reporters.JUnitReportReporter -->
<testsuite hostname="DESKTOP-0LMUMNL" failures="0" tests="1" name="qualicoach.UserLogin" time="34.885" errors="0" timestamp="14 Sep 2021 09:32:52 GMT" skipped="0">
  <testcase classname="qualicoach.UserLogin" name="Login" time="34.885"/>
</testsuite> <!-- qualicoach.UserLogin -->
