<?xml version="1.0" encoding="UTF-8"?>
<!-- Generated by org.testng.reporters.JUnitReportReporter -->
<testsuite hostname="DESKTOP-0LMUMNL" failures="0" tests="1" name="qualicoach.AttemptQuiz" time="42.673" errors="0" timestamp="14 Sep 2021 03:30:54 GMT" skipped="0">
  <testcase classname="qualicoach.AttemptQuiz" name="AttemptQuizTest" time="42.673"/>
</testsuite> <!-- qualicoach.AttemptQuiz -->
