<?xml version="1.0" encoding="UTF-8"?>
<!-- Generated by org.testng.reporters.JUnitReportReporter -->
<testsuite hostname="DESKTOP-0LMUMNL" failures="0" tests="1" name="qualicoach.UpdateUserProfile" time="35.701" errors="0" timestamp="14 Sep 2021 09:29:55 GMT" skipped="0">
  <testcase classname="qualicoach.UpdateUserProfile" name="EditUserProfile" time="35.701"/>
</testsuite> <!-- qualicoach.UpdateUserProfile -->
