<?xml version="1.0" encoding="UTF-8"?>
<!-- Generated by org.testng.reporters.JUnitReportReporter -->
<testsuite hostname="DESKTOP-0LMUMNL" failures="0" tests="2" name="qualicoach.UserUpdatedProfile" time="28.241" errors="0" timestamp="06 Sep 2021 01:50:33 GMT" skipped="0">
  <testcase classname="qualicoach.UserUpdatedProfile" name="EditUserProfileGeneral" time="20.054"/>
  <testcase classname="qualicoach.UserUpdatedProfile" name="EditUserProfileAdditionalNames" time="8.187"/>
</testsuite> <!-- qualicoach.UserUpdatedProfile -->
